---------------------
  #    meV     cm^-1
---------------------
  0    8.8      71.3 
  1   10.4      83.6 
  2   10.7      86.1 
  3   18.7     151.0 
  4   21.8     176.0 
  5   22.1     178.3 
  6   23.2     186.8 
  7   25.5     205.5 
  8   25.9     209.0 
  9   30.1     242.7 
 10   30.3     244.7 
 11   32.9     265.6 
 12   33.4     269.4 
 13   34.2     275.8 
 14   34.9     281.8 
 15   36.9     297.9 
 16   38.7     311.9 
 17   38.9     313.6 
 18   39.8     321.0 
 19   40.7     328.1 
 20   41.6     335.3 
 21   41.9     337.8 
 22   42.3     341.1 
 23   43.2     348.6 
 24   43.4     349.7 
 25   43.4     350.1 
 26   44.7     360.9 
 27   46.6     375.9 
 28   46.7     376.3 
 29   47.8     385.5 
 30   49.0     395.6 
 31   50.1     404.3 
 32   50.7     408.9 
 33   52.3     421.5 
 34   52.5     423.8 
 35   54.0     435.7 
 36   56.2     453.3 
 37   57.8     466.2 
 38   58.6     472.7 
 39   60.9     491.2 
 40  219.7    1771.8 
 41  221.5    1786.6 
 42  234.9    1895.0 
 43  236.5    1907.2 
 44  237.5    1915.7 
 45  240.2    1937.5 
 46  251.1    2025.5 
 47  256.0    2065.0 
---------------------
Zero-point energy: 1.720 eV
