---------------------
  #    meV     cm^-1
---------------------
  0    8.8      71.3 
  1   10.6      85.7 
  2   15.7     126.7 
  3   19.1     154.2 
  4   20.6     165.8 
  5   21.6     174.3 
  6   23.3     187.6 
  7   29.5     237.8 
  8   31.8     256.8 
  9   33.9     273.7 
 10   35.0     282.6 
 11   36.6     295.4 
 12   38.0     306.8 
 13   39.8     320.8 
 14   41.7     336.6 
 15   42.2     340.5 
 16   42.6     343.6 
 17   43.8     353.5 
 18   44.5     358.8 
 19   44.7     360.8 
 20   45.8     369.4 
 21   46.8     377.8 
 22   51.2     412.7 
 23   52.5     423.2 
 24   56.5     455.8 
 25  222.6    1795.0 
 26  225.5    1818.7 
 27  227.8    1837.0 
 28  232.2    1872.4 
 29  239.1    1928.8 
---------------------
Zero-point energy: 1.012 eV
