---------------------
  #    meV     cm^-1
---------------------
  0   21.7     175.4 
  1   47.1     379.8 
  2   49.9     402.7 
  3   52.4     422.9 
  4   55.2     444.8 
  5   56.7     457.5 
  6   58.1     468.7 
  7   58.7     473.1 
  8   58.9     475.3 
  9   59.7     481.7 
 10   60.3     486.3 
 11   62.1     501.0 
 12   63.9     515.5 
 13   64.4     519.8 
 14   65.8     530.9 
 15   67.2     541.8 
 16   68.3     550.7 
 17   69.7     561.9 
 18   71.1     573.1 
 19   73.9     596.4 
 20   78.5     633.2 
---------------------
Zero-point energy: 0.632 eV
