---------------------
  #    meV     cm^-1
---------------------
  0    6.0      48.2
  1    7.1      57.5
  2    8.3      66.6
  3    9.1      73.0
  4   11.9      96.3
  5   12.5     100.6
  6   17.0     136.7
  7   17.1     137.8
  8   17.2     138.5
  9   23.2     186.9
 10   25.2     203.7
 11   25.4     204.9
 12   32.1     259.3
 13   32.5     262.1
 14   33.4     269.2
 15   34.3     276.7
 16   34.7     279.9
 17   34.8     280.7
 18   42.2     340.7
 19   42.4     341.9
 20   42.4     342.4
 21   42.9     345.6
 22   43.1     347.3
 23   43.2     348.5
 24   44.6     360.0
 25   45.0     362.7
 26   45.4     365.9
 27   45.6     367.5
 28   45.8     369.4
 29   46.0     371.1
 30   47.4     382.3
 31   47.6     384.0
 32   47.8     385.2
 33   47.9     386.2
 34   48.1     387.9
 35   48.3     389.3
 36   48.7     393.1
 37   49.1     395.6
 38   49.2     396.8
 39   57.5     464.1
 40   57.6     465.0
 41   57.9     466.7
 42   58.9     475.3
 43   59.1     476.5
 44   59.1     476.9
 45  233.2    1881.0
 46  233.3    1881.5
 47  233.3    1882.1
 48  233.5    1883.2
 49  233.6    1884.1
 50  234.8    1893.5
 51  238.4    1922.8
 52  238.5    1923.4
 53  245.1    1977.1
---------------------
Zero-point energy: 1.909 eV
