---------------------
  #    meV     cm^-1
---------------------
  0    9.7      78.4
  1   32.1     259.2
  2   39.0     314.6
  3   41.8     337.0
  4   42.1     339.7
  5   43.1     347.7
  6   45.6     368.1
  7   46.5     375.3
  8   47.3     381.8
  9   51.4     414.9
 10   52.0     419.4
 11   53.0     427.6
 12   53.7     433.2
 13   56.9     458.6
 14   59.1     476.9
 15   59.6     480.4
 16   60.5     488.3
 17   62.6     505.2
 18   66.8     538.7
 19   67.7     545.8
 20   71.4     576.2
---------------------
Zero-point energy: 0.531 eV
