---------------------
  #    meV     cm^-1
---------------------
  0   28.1     226.3 
  1   31.5     254.0 
  2   32.9     265.5 
  3   36.3     293.1 
  4   38.0     306.6 
  5   41.7     336.4 
  6   42.6     343.2 
  7   43.1     347.6 
  8   44.9     362.2 
  9   46.2     372.8 
 10   49.0     395.3 
 11   52.7     425.2 
 12   56.2     452.9 
 13   58.8     474.3 
 14   60.5     487.8 
 15   61.5     496.3 
 16   62.2     501.5 
 17   65.8     530.6 
 18   67.7     545.8 
 19   68.9     555.7 
 20   69.6     561.6 
 21   71.7     578.5 
 22   73.4     592.1 
 23   76.2     614.7 
---------------------
Zero-point energy: 0.640 eV
