---------------------
  #    meV     cm^-1
---------------------
  0   19.5     157.0
  1   19.6     157.9
  2   33.4     269.3
  3   33.4     269.5
  4   33.5     270.0
  5   33.5     270.0
  6   33.5     270.1
  7   33.5     270.5
  8   41.3     332.7
  9   41.3     332.9
 10   41.3     333.0
 11   41.3     333.3
 12   41.5     334.5
 13   41.5     335.0
 14   41.6     335.4
 15   41.7     336.7
 16   44.1     355.8
 17   53.1     428.0
 18   53.2     429.2
 19   53.6     431.9
 20   53.6     432.1
 21   54.1     436.4
 22   54.1     436.7
 23   54.2     437.2
 24   54.2     437.2
 25   54.3     438.0
 26   54.3     438.2
 27   54.3     438.3
 28   54.4     438.4
 29   55.1     444.1
 30   55.1     444.5
 31   55.1     444.8
 32   55.2     445.1
 33   55.2     445.5
 34   55.3     445.6
 35   62.4     503.7
 36   62.5     503.7
 37   66.2     533.8
 38   66.2     533.8
 39   66.2     533.8
 40   66.2     534.1
 41   66.4     535.4
 42   66.4     535.6
 43   66.7     537.6
 44   66.7     538.2
 45  230.8    1861.2
 46  230.8    1861.4
 47  235.4    1898.5
 48  235.4    1898.6
 49  235.4    1898.6
 50  235.4    1898.7
 51  235.4    1899.0
 52  235.4    1899.0
 53  249.0    2008.5
---------------------
Zero-point energy: 2.186 eV
