---------------------
  #    meV     cm^-1
---------------------
  0   10.6      85.3 
  1   13.3     107.6 
  2   14.6     118.1 
  3   17.2     138.6 
  4   18.6     149.9 
  5   20.1     162.1 
  6   22.1     178.3 
  7   23.0     185.1 
  8   30.9     249.4 
  9   32.1     258.9 
 10   32.3     260.3 
 11   33.2     267.8 
 12   34.5     278.6 
 13   35.4     285.5 
 14   37.3     300.8 
 15   37.6     302.9 
 16   45.5     366.9 
 17   45.8     369.1 
 18   48.5     391.0 
 19   49.2     396.6 
 20  221.5    1786.4 
 21  222.3    1792.7 
 22  223.3    1800.8 
 23  230.6    1860.0 
---------------------
Zero-point energy: 0.750 eV
