---------------------
  #    meV     cm^-1
---------------------
  0    1.9      15.1 
  1   12.1      98.0 
  2   18.8     151.3 
  3   20.0     161.5 
  4   23.5     189.5 
  5   24.0     193.4 
  6   25.7     207.1 
  7   26.0     210.0 
  8   30.4     244.9 
  9   32.7     263.5 
 10   34.3     276.9 
 11   34.8     280.4 
 12   35.4     285.7 
 13   36.9     297.9 
 14   37.5     302.1 
 15   38.2     308.5 
 16   38.4     309.6 
 17   39.1     315.2 
 18   41.2     332.5 
 19   41.6     335.2 
 20   44.4     358.3 
 21   45.6     367.6 
 22   46.3     373.8 
 23   47.9     386.3 
 24   48.3     389.2 
 25   49.5     399.3 
 26   50.2     404.6 
 27   51.0     411.2 
 28   52.0     419.7 
 29   55.4     447.0 
 30   55.9     451.0 
 31   56.8     457.9 
 32   58.1     468.3 
 33   58.8     474.6 
 34   59.6     480.8 
 35  226.4    1825.7 
 36  228.2    1840.9 
 37  232.2    1872.9 
 38  234.1    1888.2 
 39  239.0    1927.5 
 40  250.2    2018.0 
 41  255.1    2057.1 
---------------------
Zero-point energy: 1.519 eV
