---------------------
  #    meV     cm^-1
---------------------
  0   27.3     220.6 
  1   29.6     239.1 
  2   32.9     265.0 
  3   35.5     286.6 
  4   35.8     288.6 
  5   38.1     307.7 
  6   38.5     310.2 
  7   40.9     330.2 
  8   41.2     332.6 
  9   46.4     374.0 
 10   48.2     388.7 
 11   48.3     389.5 
 12   48.4     390.6 
 13   49.7     400.8 
 14   54.1     436.3 
 15   54.9     443.0 
 16   55.7     448.9 
 17   56.5     455.8 
 18   58.0     467.7 
 19   60.9     491.1 
 20   61.1     492.8 
---------------------
Zero-point energy: 0.481 eV
