---------------------
  #    meV     cm^-1
---------------------
  0   43.0     346.7
  1   47.8     385.6
  2   48.1     387.6
  3   52.7     424.9
  4   52.9     426.4
  5   55.6     448.6
  6   56.9     458.7
  7   57.8     466.6
  8   57.9     467.2
  9   58.2     469.4
 10   59.1     476.8
 11   59.3     478.2
 12   60.2     485.6
 13   60.6     488.9
 14   61.6     496.7
 15   61.7     497.9
 16   61.8     498.7
 17   61.9     499.5
 18   65.7     530.1
 19   67.4     543.6
 20   67.5     544.7
 21   69.1     557.2
 22   69.3     558.7
 23   72.1     581.5
---------------------
Zero-point energy: 0.714 eV
