---------------------
  #    meV     cm^-1
---------------------
  0    6.7      54.0 
  1    9.6      77.5 
  2   18.3     147.4 
  3   18.6     150.1 
  4   19.1     153.9 
  5   20.0     161.6 
  6   21.4     172.3 
  7   21.9     176.4 
  8   24.9     201.2 
  9   29.0     233.9 
 10   30.8     248.6 
 11   32.5     262.4 
 12   32.7     264.1 
 13   33.8     272.9 
 14   35.1     282.7 
 15   38.1     307.1 
 16   43.3     349.0 
 17   44.2     356.9 
 18   44.4     358.3 
 19   45.3     365.1 
 20  205.6    1657.9 
 21  209.0    1685.6 
 22  231.7    1868.9 
 23  235.8    1902.0 
---------------------
Zero-point energy: 0.726 eV
