---------------------
  #    meV     cm^-1
---------------------
  0   17.0     137.4 
  1   17.3     139.6 
  2   17.5     141.3 
  3   17.9     144.3 
  4   18.1     145.6 
  5   18.6     149.9 
  6   34.5     278.1 
  7   36.1     291.0 
  8   36.2     292.1 
  9   36.9     297.3 
 10   37.0     298.6 
 11   37.1     299.0 
 12   41.0     330.7 
 13   41.3     333.4 
 14   41.4     333.9 
 15  220.0    1774.5 
 16  220.1    1775.4 
 17  225.5    1818.4 
---------------------
Zero-point energy: 0.557 eV
