---------------------
  #    meV     cm^-1
---------------------
  0    8.1      65.6 
  1    9.4      75.8 
  2   11.0      88.7 
  3   18.5     148.8 
  4   19.9     160.6 
  5   20.8     168.0 
  6   22.7     183.2 
  7   23.9     192.5 
  8   26.0     209.8 
  9   28.8     232.4 
 10   29.1     234.8 
 11   31.2     251.8 
 12   32.6     262.8 
 13   33.2     267.6 
 14   34.8     280.9 
 15   35.6     287.4 
 16   36.4     293.4 
 17   36.9     297.8 
 18   40.3     324.9 
 19   41.8     337.0 
 20   43.2     348.8 
 21   44.5     358.6 
 22   45.8     369.1 
 23   48.9     394.7 
 24   54.0     435.9 
 25  206.8    1668.3 
 26  211.3    1703.9 
 27  231.9    1870.4 
 28  233.2    1880.7 
 29  238.6    1924.2 
---------------------
Zero-point energy: 0.950 eV
