---------------------
  #    meV     cm^-1
---------------------
  0    9.5i     76.4i
  1    9.3i     74.7i
  2    5.9i     47.7i
  3    5.3i     43.1i
  4    4.9i     39.1i
  5    4.5i     36.4i
  6    7.4      59.7
  7   10.5      84.9
  8   10.7      86.4
  9   62.5     504.4
 10   62.6     504.9
 11   62.6     505.1
 12   67.9     547.9
 13   68.0     548.1
 14   68.0     548.7
 15   68.0     548.8
 16   68.1     549.3
 17   68.1     549.4
 18   73.9     596.1
 19   74.0     596.5
 20   74.4     600.3
 21   75.2     606.2
 22   75.2     606.6
 23   75.2     606.8
 24   75.2     606.9
 25   75.4     608.0
 26   75.5     608.6
---------------------
Zero-point energy: 0.649 eV
