---------------------
  #    meV     cm^-1
---------------------
  0   16.8     135.4 
  1   17.2     138.5 
  2   17.4     140.0 
  3   18.9     152.8 
  4   19.1     154.1 
  5   28.6     230.5 
  6   33.1     266.6 
  7   33.1     267.1 
  8   35.3     284.5 
  9   35.9     289.5 
 10   36.0     290.4 
 11   36.9     297.3 
 12   39.9     321.7 
 13   40.1     323.1 
 14   41.4     333.8 
 15   41.4     334.2 
 16   42.5     342.6 
 17   44.1     355.8 
 18   44.3     357.0 
 19   44.6     359.8 
 20   44.9     362.5 
 21   45.3     365.3 
 22   45.4     366.5 
 23   47.7     385.0 
 24   52.4     422.7 
 25   52.5     423.4 
 26   52.9     427.0 
 27   53.5     431.4 
 28   55.2     445.3 
 29   55.3     446.0 
 30  227.2    1832.4 
 31  227.3    1833.3 
 32  229.2    1848.3 
 33  230.0    1855.3 
 34  230.1    1856.2 
 35  240.6    1941.0 
---------------------
Zero-point energy: 1.278 eV
