---------------------
  #    meV     cm^-1
---------------------
  0   40.1     323.7 
  1   47.5     383.1 
  2   47.7     384.9 
  3   47.8     385.9 
  4   48.2     388.8 
  5   48.6     391.6 
  6   48.8     393.2 
  7   48.8     393.7 
  8   48.9     394.7 
  9   50.0     402.9 
 10   50.0     403.4 
 11   50.1     403.8 
 12   50.2     404.7 
 13   50.3     405.4 
 14   50.3     405.7 
 15   50.5     407.4 
 16   50.6     408.3 
 17   50.7     408.9 
 18   51.6     416.4 
 19   52.9     426.4 
 20   53.1     428.6 
 21   53.4     430.4 
 22   53.5     431.1 
 23   54.5     439.2 
 24   54.5     439.3 
 25   55.9     450.8 
 26   66.7     538.4 
---------------------
Zero-point energy: 0.688 eV
