---------------------
  #    meV     cm^-1
---------------------
  0    4.1      33.1
  1    8.4      67.5
  2   11.9      95.9
  3   19.5     157.6
  4   21.1     169.9
  5   22.6     182.4
  6   22.9     184.7
  7   26.3     212.3
  8   35.5     286.2
  9   38.9     314.0
 10   39.9     322.0
 11   41.2     332.1
 12   41.7     336.1
 13   41.8     337.5
 14   43.4     350.2
 15   43.9     353.7
 16   45.0     362.6
 17   45.9     370.2
 18   51.6     416.2
 19   54.8     442.0
 20  216.7    1748.0
 21  231.0    1863.4
 22  232.4    1874.2
 23  240.0    1935.8
---------------------
Zero-point energy: 0.790 eV
