---------------------
  #    meV     cm^-1
---------------------
  0   30.6     246.7
  1   33.1     267.2
  2   34.8     281.0
  3   38.8     313.3
  4   42.0     338.7
  5   42.3     340.9
  6   43.7     352.7
  7   45.2     364.8
  8   47.9     386.7
  9   48.5     391.2
 10   50.8     409.8
 11   52.4     422.4
 12   52.9     426.5
 13   53.4     430.4
 14   55.9     451.1
 15   56.8     458.2
 16   58.0     467.8
 17   61.2     493.9
 18   63.3     510.4
 19   65.0     524.2
 20   65.7     529.6
 21   66.4     535.8
 22   71.6     577.4
 23   72.2     582.0
 24   73.4     591.9
 25   75.0     605.3
 26   81.1     654.4
---------------------
Zero-point energy: 0.741 eV
