---------------------
  #    meV     cm^-1
---------------------
  0   10.5      84.5
  1   17.2     139.1
  2   17.5     141.3
  3   22.4     180.9
  4   22.6     182.5
  5   31.8     256.3
  6   40.1     323.1
  7   40.2     324.0
  8   40.3     324.7
  9   40.7     328.1
 10   40.8     329.2
 11   41.0     330.8
 12   42.0     338.6
 13   42.1     339.5
 14   42.6     343.6
 15   43.7     352.2
 16   44.2     356.3
 17   45.5     366.8
 18   46.4     374.3
 19   46.6     375.9
 20   48.3     389.3
 21   48.3     389.9
 22   50.6     408.3
 23   50.8     409.9
 24   51.9     418.4
 25   52.0     419.3
 26   55.7     449.5
 27   55.9     450.6
 28   56.1     452.7
 29   56.3     453.7
 30   57.1     460.7
 31   57.7     465.3
 32   58.4     471.2
 33   59.9     483.4
 34   60.1     485.0
 35   65.6     529.0
 36   65.7     530.1
 37   69.1     557.2
 38   69.1     557.6
 39   70.8     571.3
 40  228.4    1842.5
 41  231.6    1867.9
 42  232.8    1877.5
 43  232.8    1877.8
 44  234.2    1889.3
 45  234.3    1889.7
 46  235.5    1899.8
 47  246.9    1991.3
---------------------
Zero-point energy: 1.877 eV
