---------------------
  #    meV     cm^-1
---------------------
  0    6.0      48.1 
  1    7.4      59.4 
  2    8.8      71.3 
  3   12.9     103.9 
  4   15.9     128.3 
  5   20.9     168.9 
  6   21.0     169.2 
  7   24.9     201.0 
  8   27.7     223.1 
  9   29.3     236.4 
 10   30.0     242.0 
 11   31.4     252.9 
 12   32.2     259.4 
 13   32.4     261.0 
 14   38.6     311.0 
 15   39.0     314.2 
 16   40.2     324.4 
 17   40.7     328.3 
 18   41.2     332.7 
 19   41.4     333.9 
 20   41.5     334.7 
 21   41.8     337.3 
 22   43.9     353.7 
 23   44.8     361.4 
 24   45.1     363.5 
 25   47.0     379.4 
 26   47.7     384.7 
 27   49.1     395.7 
 28   54.5     439.8 
 29   55.5     447.4 
 30  212.5    1713.5 
 31  231.2    1864.6 
 32  232.8    1877.7 
 33  233.6    1884.3 
 34  234.3    1890.0 
 35  241.8    1950.2 
---------------------
Zero-point energy: 1.199 eV
