---------------------
  #    meV     cm^-1
---------------------
  0    4.1      33.3 
  1   12.0      97.0 
  2   13.9     112.4 
  3   14.2     114.7 
  4   14.8     119.2 
  5   18.9     152.6 
  6   20.1     162.1 
  7   26.2     211.5 
  8   26.7     215.1 
  9   28.5     230.0 
 10   29.2     235.7 
 11   29.3     236.6 
 12   31.0     249.7 
 13   32.9     265.4 
 14   33.3     268.3 
 15   34.1     275.1 
 16   35.5     286.7 
 17   36.7     296.2 
 18   37.1     299.5 
 19   38.9     313.7 
 20   39.2     316.2 
 21   40.0     322.9 
 22   40.5     326.8 
 23   40.7     328.2 
 24   40.8     329.5 
 25   43.2     348.1 
 26   44.7     360.9 
 27   45.6     368.0 
 28   49.2     396.6 
 29   51.8     418.0 
 30   51.9     419.0 
 31   52.3     421.8 
 32   53.6     432.7 
 33   56.4     454.6 
 34   58.9     475.1 
 35  211.2    1703.7 
 36  212.3    1712.4 
 37  215.9    1741.1 
 38  235.9    1902.9 
 39  238.9    1927.0 
 40  239.2    1929.0 
 41  245.4    1979.1 
---------------------
Zero-point energy: 1.413 eV
