---------------------
  #    meV     cm^-1
---------------------
  0    7.1      57.4
  1    9.5      76.4
  2   17.3     139.7
  3   18.0     145.2
  4   18.4     148.3
  5   19.8     160.0
  6   20.7     167.1
  7   26.7     215.2
  8   28.6     230.6
  9   30.9     249.6
 10   31.9     257.6
 11   36.7     296.3
 12   38.8     313.1
 13   39.7     319.8
 14   39.9     321.5
 15   41.2     332.0
 16   42.5     343.1
 17   43.4     350.2
 18   44.8     361.0
 19   45.0     363.2
 20   45.9     370.1
 21   46.1     371.9
 22   48.9     394.0
 23   50.0     403.4
 24   55.1     444.6
 25  207.9    1676.9
 26  218.1    1758.8
 27  226.9    1829.8
 28  236.9    1910.6
 29  243.7    1965.5
---------------------
Zero-point energy: 0.990 eV
