---------------------
  #    meV     cm^-1
---------------------
  0    9.1      73.7
  1   12.3      99.6
  2   37.7     303.8
  3   40.3     325.0
  4   43.4     350.0
  5   45.9     370.2
  6   47.9     386.1
  7   49.2     396.7
  8   50.1     403.8
  9   51.9     418.5
 10   53.4     430.8
 11   54.4     439.2
 12   55.6     448.2
 13   57.5     463.5
 14   59.0     475.9
 15   60.1     484.5
 16   60.8     490.6
 17   62.6     504.6
 18   63.8     514.3
 19   65.3     527.0
 20   66.5     536.7
 21   68.2     550.5
 22   68.5     552.3
 23   73.9     596.1
---------------------
Zero-point energy: 0.629 eV
