---------------------
  #    meV     cm^-1
---------------------
  0   34.7     279.9 
  1   42.5     342.4 
  2   45.4     366.4 
  3   50.3     405.8 
  4   52.3     422.1 
  5   54.6     440.1 
  6   55.7     449.6 
  7   56.8     458.2 
  8   59.1     476.3 
  9   59.7     481.9 
 10   60.2     485.3 
 11   61.9     499.4 
 12   63.1     509.2 
 13   65.0     523.9 
 14   68.2     550.5 
 15   69.8     563.3 
 16   74.9     603.9 
 17   82.6     665.9 
---------------------
Zero-point energy: 0.528 eV
