---------------------
  #    meV     cm^-1
---------------------
  0    7.1      57.2
  1    9.8      78.9
  2   17.0     137.2
  3   21.8     175.9
  4   22.0     177.3
  5   22.6     182.7
  6   35.2     284.2
  7   35.3     284.5
  8   37.2     299.7
  9   37.2     300.4
 10   39.9     322.0
 11   40.1     323.2
 12   40.2     323.9
 13   40.6     327.1
 14   40.7     328.1
 15   41.0     330.6
 16   41.1     331.6
 17   41.3     333.2
 18   43.3     349.4
 19   43.5     351.2
 20   44.1     355.8
 21   47.1     379.9
 22   47.1     380.1
 23   47.7     385.1
 24   47.8     385.6
 25   48.0     387.2
 26   48.3     389.8
 27   48.4     390.3
 28   49.9     402.4
 29   50.0     402.9
 30   51.2     413.0
 31   52.7     425.2
 32   53.6     432.3
 33   54.8     441.7
 34   54.8     442.3
 35   56.5     455.8
 36   56.6     456.2
 37   60.8     490.4
 38   61.0     492.4
 39   61.2     493.3
 40   61.7     497.4
 41   61.8     498.2
 42   62.3     502.7
 43   62.5     503.7
 44   62.5     504.4
 45  235.0    1895.0
 46  235.0    1895.2
 47  236.0    1903.4
 48  236.0    1903.6
 49  238.8    1926.4
 50  239.8    1933.7
 51  239.8    1933.9
 52  240.7    1941.0
 53  250.9    2023.4
---------------------
Zero-point energy: 2.081 eV
